0 info it worked if it ends with ok
1 verbose cli [ '/usr/local/bin/node', '/usr/local/bin/npm', 'run', 'test:tdd' ]
2 info using npm@3.8.3
3 info using node@v5.10.1
4 verbose run-script [ 'pretest:tdd', 'test:tdd', 'posttest:tdd' ]
5 info lifecycle react-boilerplate@2.5.6~pretest:tdd: react-boilerplate@2.5.6
6 silly lifecycle react-boilerplate@2.5.6~pretest:tdd: no script for pretest:tdd, continuing
7 info lifecycle react-boilerplate@2.5.6~test:tdd: react-boilerplate@2.5.6
8 verbose lifecycle react-boilerplate@2.5.6~test:tdd: unsafe-perm in lifecycle true
9 verbose lifecycle react-boilerplate@2.5.6~test:tdd: PATH: /usr/local/lib/node_modules/npm/bin/node-gyp-bin:/Users/jake/Development/react-workspace/survive-js/kanban-app/node_modules/.bin:/usr/local/bin:/Library/Frameworks/Python.framework/Versions/2.7/bin:/Users/jake/.rvm/gems/ruby-2.3.1/bin:/Users/jake/.rvm/gems/ruby-2.3.1@global/bin:/Users/jake/.rvm/rubies/ruby-2.3.1/bin:/usr/local/bin:/usr/bin:/bin:/usr/sbin:/sbin:/opt/X11/bin:/usr/local/go/bin:/usr/texbin:/Users/jake/.rvm/bin:/Applications/Postgres.app/Contents/Versions/9.3/bin:/home/usr/local/bin:subl:/home/usr/local/bin:subl3:/Users/jake/Development/go-workspace//bin:/path/to/elixir/bin
10 verbose lifecycle react-boilerplate@2.5.6~test:tdd: CWD: /Users/jake/Development/react-workspace/survive-js/kanban-app
11 silly lifecycle react-boilerplate@2.5.6~test:tdd: Args: [ '-c', 'npm run test -- --auto-watch --no-single-run' ]
12 silly lifecycle react-boilerplate@2.5.6~test:tdd: Returned: code: 1  signal: null
13 info lifecycle react-boilerplate@2.5.6~test:tdd: Failed to exec test:tdd script
14 verbose stack Error: react-boilerplate@2.5.6 test:tdd: `npm run test -- --auto-watch --no-single-run`
14 verbose stack Exit status 1
14 verbose stack     at EventEmitter.<anonymous> (/usr/local/lib/node_modules/npm/lib/utils/lifecycle.js:239:16)
14 verbose stack     at emitTwo (events.js:100:13)
14 verbose stack     at EventEmitter.emit (events.js:185:7)
14 verbose stack     at ChildProcess.<anonymous> (/usr/local/lib/node_modules/npm/lib/utils/spawn.js:24:14)
14 verbose stack     at emitTwo (events.js:100:13)
14 verbose stack     at ChildProcess.emit (events.js:185:7)
14 verbose stack     at maybeClose (internal/child_process.js:850:16)
14 verbose stack     at Process.ChildProcess._handle.onexit (internal/child_process.js:215:5)
15 verbose pkgid react-boilerplate@2.5.6
16 verbose cwd /Users/jake/Development/react-workspace/survive-js/kanban-app
17 error Darwin 14.5.0
18 error argv "/usr/local/bin/node" "/usr/local/bin/npm" "run" "test:tdd"
19 error node v5.10.1
20 error npm  v3.8.3
21 error code ELIFECYCLE
22 error react-boilerplate@2.5.6 test:tdd: `npm run test -- --auto-watch --no-single-run`
22 error Exit status 1
23 error Failed at the react-boilerplate@2.5.6 test:tdd script 'npm run test -- --auto-watch --no-single-run'.
23 error Make sure you have the latest version of node.js and npm installed.
23 error If you do, this is most likely a problem with the react-boilerplate package,
23 error not with npm itself.
23 error Tell the author that this fails on your system:
23 error     npm run test -- --auto-watch --no-single-run
23 error You can get information on how to open an issue for this project with:
23 error     npm bugs react-boilerplate
23 error Or if that isn't available, you can get their info via:
23 error     npm owner ls react-boilerplate
23 error There is likely additional logging output above.
24 verbose exit [ 1, true ]
